2025-02-16T23:41:00.913Z [[32minfo[39m]: Sending newsletter to 2 unique subscribers
2025-02-16T23:55:01.000Z [[32minfo[39m]: Sending newsletter to 2 unique subscribers
2025-02-17T00:05:00.473Z [[32minfo[39m]: Sending newsletter to 2 unique subscribers
2025-02-17T00:15:00.537Z [[32minfo[39m]: Sending newsletter to 2 unique subscribers
2025-02-17T00:33:00.097Z [[32minfo[39m]: Sending newsletter to 2 unique subscribers
2025-02-17T00:40:00.850Z [[32minfo[39m]: Sending newsletter to 2 unique subscribers
2025-02-17T01:01:00.034Z [[32minfo[39m]: Sending newsletter to 2 unique subscribers
2025-02-17T15:47:52.510Z [[32minfo[39m]: Sending newsletter to 2 unique subscribers
2025-02-17T16:04:00.884Z [[32minfo[39m]: Sending newsletter to 2 unique subscribers
2025-02-17T16:50:18.388Z [[32minfo[39m]: Successfully validated initialize list response
2025-02-17T16:50:18.773Z [[32minfo[39m]: Successfully validated sync subscribers response
2025-02-17T16:50:19.296Z [[32minfo[39m]: Successfully validated initialize list response
2025-02-17T16:50:19.603Z [[32minfo[39m]: Successfully validated sync subscribers response
2025-02-17T16:50:28.384Z [[32minfo[39m]: Successfully validated initialize list response
2025-02-17T16:50:28.822Z [[32minfo[39m]: Successfully validated sync subscribers response
2025-02-17T16:50:29.388Z [[32minfo[39m]: Successfully validated initialize list response
2025-02-17T16:50:29.706Z [[32minfo[39m]: Successfully validated sync subscribers response
2025-02-17T17:37:46.868Z [[32minfo[39m]: Successfully validated initialize list response
2025-02-17T17:37:47.302Z [[32minfo[39m]: Successfully validated sync subscribers response
2025-02-17T17:37:47.818Z [[32minfo[39m]: Successfully validated initialize list response
2025-02-17T17:37:48.123Z [[32minfo[39m]: Successfully validated sync subscribers response
2025-02-17T19:47:37.282Z [[32minfo[39m]: Successfully validated initialize list response
2025-02-17T19:47:37.567Z [[32minfo[39m]: Successfully validated sync subscribers response
2025-02-17T19:47:38.058Z [[32minfo[39m]: Successfully validated initialize list response
2025-02-17T19:47:38.355Z [[32minfo[39m]: Successfully validated sync subscribers response
2025-02-17T19:47:53.206Z [[32minfo[39m]: Successfully validated initialize list response
2025-02-17T19:47:53.529Z [[32minfo[39m]: Successfully validated sync subscribers response
2025-02-17T19:47:54.163Z [[32minfo[39m]: Successfully validated initialize list response
2025-02-17T19:47:54.459Z [[32minfo[39m]: Successfully validated sync subscribers response
2025-02-17T19:47:57.352Z [[32minfo[39m]: Successfully validated initialize list response
2025-02-17T19:47:57.646Z [[32minfo[39m]: Successfully validated sync subscribers response
2025-02-17T19:47:58.132Z [[32minfo[39m]: Successfully validated initialize list response
2025-02-17T19:47:58.425Z [[32minfo[39m]: Successfully validated sync subscribers response
2025-02-17T19:48:18.704Z [[32minfo[39m]: Sending newsletter to 2 unique subscribers
2025-02-17T19:49:42.562Z [[32minfo[39m]: Sending newsletter to 2 unique subscribers
2025-02-17T20:24:07.596Z [[32minfo[39m]: Successfully validated initialize list response
2025-02-17T20:24:07.914Z [[32minfo[39m]: Successfully validated sync subscribers response
2025-02-17T20:24:08.488Z [[32minfo[39m]: Successfully validated initialize list response
2025-02-17T20:24:08.780Z [[32minfo[39m]: Successfully validated sync subscribers response
2025-02-17T20:24:34.252Z [[32minfo[39m]: 🔍 Testing Mailchimp connection...
2025-02-17T20:24:34.636Z [[32minfo[39m]: Successfully validated test connection response
2025-02-17T20:24:34.637Z [[32minfo[39m]: ✅ Connection successful
2025-02-17T20:24:34.637Z [[32minfo[39m]: 📊 Lists found:
2025-02-17T20:24:34.638Z [[32minfo[39m]: 📝 First list details:
2025-02-17T20:37:21.920Z [[32minfo[39m]: Successfully validated initialize list response
2025-02-17T20:37:22.232Z [[32minfo[39m]: Successfully validated sync subscribers response
2025-02-17T20:37:22.731Z [[32minfo[39m]: Successfully validated initialize list response
2025-02-17T20:37:23.067Z [[32minfo[39m]: Successfully validated sync subscribers response
2025-02-18T16:54:52.231Z [[32minfo[39m]: Successfully validated initialize list response
2025-02-18T16:54:52.543Z [[32minfo[39m]: Successfully validated sync subscribers response
2025-02-18T16:54:53.376Z [[32minfo[39m]: Successfully validated initialize list response
2025-02-18T16:54:53.798Z [[32minfo[39m]: Successfully validated sync subscribers response
2025-02-18T17:06:08.805Z [[32minfo[39m]: Successfully validated initialize list response
2025-02-18T17:06:09.148Z [[32minfo[39m]: Successfully validated sync subscribers response
2025-02-18T17:06:10.381Z [[32minfo[39m]: Successfully validated initialize list response
2025-02-18T17:06:10.666Z [[32minfo[39m]: Successfully validated sync subscribers response
2025-02-18T17:07:06.707Z [[32minfo[39m]: Successfully validated initialize list response
2025-02-18T17:07:07.012Z [[32minfo[39m]: Successfully validated sync subscribers response
2025-02-18T17:07:08.535Z [[32minfo[39m]: Successfully validated initialize list response
2025-02-18T17:07:08.822Z [[32minfo[39m]: Successfully validated sync subscribers response
2025-02-18T17:08:55.983Z [[32minfo[39m]: Successfully validated initialize list response
2025-02-18T17:08:56.305Z [[32minfo[39m]: Successfully validated sync subscribers response
2025-02-18T17:08:58.036Z [[32minfo[39m]: Successfully validated initialize list response
2025-02-18T17:08:58.323Z [[32minfo[39m]: Successfully validated sync subscribers response
2025-02-18T17:12:31.531Z [[32minfo[39m]: Successfully validated initialize list response
2025-02-18T17:12:31.871Z [[32minfo[39m]: Successfully validated sync subscribers response
2025-02-18T17:12:33.469Z [[32minfo[39m]: Successfully validated initialize list response
2025-02-18T17:12:34.091Z [[32minfo[39m]: Successfully validated sync subscribers response
2025-02-18T17:16:06.930Z [[32minfo[39m]: Successfully validated initialize list response
2025-02-18T17:16:07.417Z [[32minfo[39m]: Successfully validated sync subscribers response
2025-02-18T17:16:09.410Z [[32minfo[39m]: Successfully validated initialize list response
2025-02-18T17:16:09.720Z [[32minfo[39m]: Successfully validated sync subscribers response
2025-02-18T17:16:21.031Z [[32minfo[39m]: Sending newsletter to 2 unique subscribers
2025-02-18T17:16:58.373Z [[32minfo[39m]: Successfully validated initialize list response
2025-02-18T17:16:58.726Z [[32minfo[39m]: Successfully validated sync subscribers response
2025-02-18T17:17:01.285Z [[32minfo[39m]: Successfully validated initialize list response
2025-02-18T17:17:01.712Z [[32minfo[39m]: Successfully validated sync subscribers response
2025-02-18T17:17:56.399Z [[32minfo[39m]: Successfully validated initialize list response
2025-02-18T17:17:56.761Z [[32minfo[39m]: Successfully validated sync subscribers response
2025-02-18T17:17:58.942Z [[32minfo[39m]: Successfully validated initialize list response
2025-02-18T17:17:59.351Z [[32minfo[39m]: Successfully validated sync subscribers response
2025-02-18T17:19:52.273Z [[32minfo[39m]: Successfully validated initialize list response
2025-02-18T17:19:52.660Z [[32minfo[39m]: Successfully validated sync subscribers response
2025-02-18T17:19:54.410Z [[32minfo[39m]: Successfully validated initialize list response
2025-02-18T17:19:54.726Z [[32minfo[39m]: Successfully validated sync subscribers response
2025-02-18T17:20:30.955Z [[32minfo[39m]: Successfully validated initialize list response
2025-02-18T17:20:31.304Z [[32minfo[39m]: Successfully validated sync subscribers response
2025-02-18T17:20:33.000Z [[32minfo[39m]: Successfully validated initialize list response
2025-02-18T17:20:33.295Z [[32minfo[39m]: Successfully validated sync subscribers response
2025-02-18T17:21:44.041Z [[32minfo[39m]: Successfully validated initialize list response
2025-02-18T17:21:44.375Z [[32minfo[39m]: Successfully validated sync subscribers response
2025-02-18T17:21:46.190Z [[32minfo[39m]: Successfully validated initialize list response
2025-02-18T17:21:46.482Z [[32minfo[39m]: Successfully validated sync subscribers response
2025-02-18T17:23:45.254Z [[32minfo[39m]: Successfully validated initialize list response
2025-02-18T17:23:45.556Z [[32minfo[39m]: Successfully validated sync subscribers response
2025-02-18T17:23:46.273Z [[32minfo[39m]: Successfully validated initialize list response
2025-02-18T17:23:46.564Z [[32minfo[39m]: Successfully validated sync subscribers response
2025-02-18T17:25:31.400Z [[32minfo[39m]: Successfully validated initialize list response
2025-02-18T17:25:31.725Z [[32minfo[39m]: Successfully validated sync subscribers response
2025-02-18T17:25:33.849Z [[32minfo[39m]: Successfully validated initialize list response
2025-02-18T17:25:34.147Z [[32minfo[39m]: Successfully validated sync subscribers response
2025-02-18T17:30:14.997Z [[32minfo[39m]: Successfully validated initialize list response
2025-02-18T17:30:15.316Z [[32minfo[39m]: Successfully validated sync subscribers response
2025-02-18T17:30:16.541Z [[32minfo[39m]: Successfully validated initialize list response
2025-02-18T17:30:16.855Z [[32minfo[39m]: Successfully validated sync subscribers response
2025-02-18T17:57:18.371Z [[32minfo[39m]: Successfully validated initialize list response
2025-02-18T17:57:18.663Z [[32minfo[39m]: Successfully validated sync subscribers response
2025-02-18T17:57:20.485Z [[32minfo[39m]: Successfully validated initialize list response
2025-02-18T17:57:20.858Z [[32minfo[39m]: Successfully validated sync subscribers response
2025-02-18T17:58:33.500Z [[32minfo[39m]: Successfully validated initialize list response
2025-02-18T17:58:33.787Z [[32minfo[39m]: Successfully validated sync subscribers response
2025-02-18T17:58:35.194Z [[32minfo[39m]: Successfully validated initialize list response
2025-02-18T17:58:35.799Z [[32minfo[39m]: Successfully validated sync subscribers response
2025-02-18T18:06:19.495Z [[32minfo[39m]: Successfully validated initialize list response
2025-02-18T18:06:19.792Z [[32minfo[39m]: Successfully validated sync subscribers response
2025-02-18T18:06:20.239Z [[32minfo[39m]: Successfully validated initialize list response
2025-02-18T18:06:20.539Z [[32minfo[39m]: Successfully validated sync subscribers response
2025-02-18T18:10:06.134Z [[32minfo[39m]: Successfully validated initialize list response
2025-02-18T18:10:06.440Z [[32minfo[39m]: Successfully validated sync subscribers response
2025-02-18T18:10:07.003Z [[32minfo[39m]: Successfully validated initialize list response
2025-02-18T18:10:07.324Z [[32minfo[39m]: Successfully validated sync subscribers response
2025-02-18T18:21:56.913Z [[32minfo[39m]: Successfully validated initialize list response
2025-02-18T18:21:57.212Z [[32minfo[39m]: Successfully validated sync subscribers response
2025-02-18T18:21:57.680Z [[32minfo[39m]: Successfully validated initialize list response
2025-02-18T18:21:57.992Z [[32minfo[39m]: Successfully validated sync subscribers response
2025-02-18T18:32:02.456Z [[32minfo[39m]: Successfully validated initialize list response
2025-02-18T18:32:02.764Z [[32minfo[39m]: Successfully validated sync subscribers response
2025-02-18T18:32:03.318Z [[32minfo[39m]: Successfully validated initialize list response
2025-02-18T18:32:03.623Z [[32minfo[39m]: Successfully validated sync subscribers response
2025-02-18T18:32:38.966Z [[32minfo[39m]: Successfully validated initialize list response
2025-02-18T18:32:39.279Z [[32minfo[39m]: Successfully validated sync subscribers response
2025-02-18T18:32:39.784Z [[32minfo[39m]: Successfully validated initialize list response
2025-02-18T18:32:40.095Z [[32minfo[39m]: Successfully validated sync subscribers response
2025-02-18T18:35:27.374Z [[32minfo[39m]: Successfully validated initialize list response
2025-02-18T18:35:27.744Z [[32minfo[39m]: Successfully validated sync subscribers response
2025-02-18T18:35:28.237Z [[32minfo[39m]: Successfully validated initialize list response
2025-02-18T18:35:28.558Z [[32minfo[39m]: Successfully validated sync subscribers response
2025-02-18T18:38:19.455Z [[32minfo[39m]: Sending newsletter to 2 unique subscribers
2025-02-18T18:51:24.258Z [[32minfo[39m]: Successfully validated initialize list response
2025-02-18T18:51:24.605Z [[32minfo[39m]: Successfully validated sync subscribers response
2025-02-18T18:51:25.354Z [[32minfo[39m]: Successfully validated initialize list response
2025-02-18T18:51:25.683Z [[32minfo[39m]: Successfully validated sync subscribers response
2025-02-18T19:05:00.197Z [[32minfo[39m]: Sending newsletter to 2 unique subscribers
2025-02-18T19:06:35.520Z [[32minfo[39m]: Successfully validated initialize list response
2025-02-18T19:06:35.830Z [[32minfo[39m]: Successfully validated sync subscribers response
2025-02-18T19:06:36.296Z [[32minfo[39m]: Successfully validated initialize list response
2025-02-18T19:06:36.672Z [[32minfo[39m]: Successfully validated sync subscribers response
2025-02-18T19:06:38.190Z [[32minfo[39m]: Successfully validated initialize list response
2025-02-18T19:06:38.509Z [[32minfo[39m]: Successfully validated sync subscribers response
2025-02-18T19:06:39.060Z [[32minfo[39m]: Successfully validated initialize list response
2025-02-18T19:06:39.385Z [[32minfo[39m]: Successfully validated sync subscribers response
2025-02-18T19:06:43.576Z [[32minfo[39m]: Successfully validated initialize list response
2025-02-18T19:06:43.910Z [[32minfo[39m]: Successfully validated sync subscribers response
2025-02-18T19:06:44.418Z [[32minfo[39m]: Successfully validated initialize list response
2025-02-18T19:06:44.779Z [[32minfo[39m]: Successfully validated sync subscribers response
2025-02-18T19:06:48.568Z [[32minfo[39m]: Successfully validated initialize list response
2025-02-18T19:06:48.881Z [[32minfo[39m]: Successfully validated sync subscribers response
2025-02-18T19:06:49.343Z [[32minfo[39m]: Successfully validated initialize list response
2025-02-18T19:06:49.635Z [[32minfo[39m]: Successfully validated sync subscribers response
2025-02-18T19:06:52.458Z [[32minfo[39m]: Successfully validated initialize list response
2025-02-18T19:06:52.761Z [[32minfo[39m]: Successfully validated sync subscribers response
2025-02-18T19:06:53.263Z [[32minfo[39m]: Successfully validated initialize list response
2025-02-18T19:06:53.592Z [[32minfo[39m]: Successfully validated sync subscribers response
2025-02-18T19:07:00.381Z [[32minfo[39m]: Successfully validated initialize list response
2025-02-18T19:07:00.790Z [[32minfo[39m]: Successfully validated sync subscribers response
2025-02-18T19:07:01.275Z [[32minfo[39m]: Successfully validated initialize list response
2025-02-18T19:07:01.666Z [[32minfo[39m]: Successfully validated sync subscribers response
2025-02-18T19:08:31.610Z [[32minfo[39m]: Successfully validated initialize list response
2025-02-18T19:08:31.918Z [[32minfo[39m]: Successfully validated sync subscribers response
2025-02-18T19:08:32.387Z [[32minfo[39m]: Successfully validated initialize list response
2025-02-18T19:08:32.700Z [[32minfo[39m]: Successfully validated sync subscribers response
2025-02-18T19:08:45.285Z [[32minfo[39m]: Successfully validated initialize list response
2025-02-18T19:08:45.702Z [[32minfo[39m]: Successfully validated sync subscribers response
2025-02-18T19:08:46.161Z [[32minfo[39m]: Successfully validated initialize list response
2025-02-18T19:08:46.460Z [[32minfo[39m]: Successfully validated sync subscribers response
2025-02-18T19:13:22.470Z [[32minfo[39m]: Successfully validated initialize list response
2025-02-18T19:13:22.797Z [[32minfo[39m]: Successfully validated sync subscribers response
2025-02-18T19:13:23.292Z [[32minfo[39m]: Successfully validated initialize list response
2025-02-18T19:13:23.584Z [[32minfo[39m]: Successfully validated sync subscribers response
2025-02-18T19:14:28.753Z [[32minfo[39m]: Successfully validated initialize list response
2025-02-18T19:14:29.066Z [[32minfo[39m]: Successfully validated sync subscribers response
2025-02-18T19:14:29.566Z [[32minfo[39m]: Successfully validated initialize list response
2025-02-18T19:14:29.855Z [[32minfo[39m]: Successfully validated sync subscribers response
2025-02-18T19:16:36.827Z [[32minfo[39m]: Successfully validated initialize list response
2025-02-18T19:16:37.117Z [[32minfo[39m]: Successfully validated sync subscribers response
2025-02-18T19:16:37.597Z [[32minfo[39m]: Successfully validated initialize list response
2025-02-18T19:16:37.899Z [[32minfo[39m]: Successfully validated sync subscribers response
2025-02-18T19:16:42.606Z [[32minfo[39m]: Successfully validated initialize list response
2025-02-18T19:16:42.905Z [[32minfo[39m]: Successfully validated sync subscribers response
2025-02-18T19:16:43.374Z [[32minfo[39m]: Successfully validated initialize list response
2025-02-18T19:16:43.701Z [[32minfo[39m]: Successfully validated sync subscribers response
2025-02-18T19:17:00.483Z [[32minfo[39m]: Successfully validated initialize list response
2025-02-18T19:17:00.786Z [[32minfo[39m]: Successfully validated sync subscribers response
2025-02-18T19:17:01.251Z [[32minfo[39m]: Successfully validated initialize list response
2025-02-18T19:17:01.585Z [[32minfo[39m]: Successfully validated sync subscribers response
2025-02-18T19:18:57.129Z [[32minfo[39m]: Sending newsletter to 2 unique subscribers
2025-02-18T19:19:25.050Z [[32minfo[39m]: Successfully validated initialize list response
2025-02-18T19:19:25.346Z [[32minfo[39m]: Successfully validated sync subscribers response
2025-02-18T19:19:25.806Z [[32minfo[39m]: Successfully validated initialize list response
2025-02-18T19:19:26.111Z [[32minfo[39m]: Successfully validated sync subscribers response
2025-02-18T19:21:04.567Z [[32minfo[39m]: Successfully validated initialize list response
2025-02-18T19:21:04.919Z [[32minfo[39m]: Successfully validated sync subscribers response
2025-02-18T19:21:05.454Z [[32minfo[39m]: Successfully validated initialize list response
2025-02-18T19:21:05.756Z [[32minfo[39m]: Successfully validated sync subscribers response
2025-02-18T19:21:15.945Z [[32minfo[39m]: Successfully validated initialize list response
2025-02-18T19:21:16.255Z [[32minfo[39m]: Successfully validated sync subscribers response
2025-02-18T19:21:16.777Z [[32minfo[39m]: Successfully validated initialize list response
2025-02-18T19:21:17.070Z [[32minfo[39m]: Successfully validated sync subscribers response
2025-02-18T19:21:28.215Z [[32minfo[39m]: Open rate change result
2025-02-18T19:21:44.411Z [[32minfo[39m]: Received open tracking request
2025-02-18T19:23:31.145Z [[32minfo[39m]: Sending newsletter to 2 unique subscribers
2025-02-18T19:24:06.911Z [[32minfo[39m]: Successfully validated initialize list response
2025-02-18T19:24:07.213Z [[32minfo[39m]: Successfully validated sync subscribers response
2025-02-18T19:24:07.752Z [[32minfo[39m]: Successfully validated initialize list response
2025-02-18T19:24:08.073Z [[32minfo[39m]: Successfully validated sync subscribers response
2025-02-18T19:24:20.952Z [[32minfo[39m]: Received open tracking request
2025-02-18T19:25:11.408Z [[32minfo[39m]: Received open tracking request
2025-02-18T19:27:41.774Z [[32minfo[39m]: Successfully validated initialize list response
2025-02-18T19:27:42.072Z [[32minfo[39m]: Successfully validated sync subscribers response
2025-02-18T19:27:42.542Z [[32minfo[39m]: Successfully validated initialize list response
2025-02-18T19:27:42.847Z [[32minfo[39m]: Successfully validated sync subscribers response
2025-02-18T19:30:00.702Z [[32minfo[39m]: Sending newsletter to 2 unique subscribers
2025-02-18T19:31:04.895Z [[32minfo[39m]: Successfully validated initialize list response
2025-02-18T19:31:05.211Z [[32minfo[39m]: Successfully validated sync subscribers response
2025-02-18T19:31:05.778Z [[32minfo[39m]: Successfully validated initialize list response
2025-02-18T19:31:06.167Z [[32minfo[39m]: Successfully validated sync subscribers response
2025-02-18T19:33:40.272Z [[32minfo[39m]: Successfully validated initialize list response
2025-02-18T19:33:40.593Z [[32minfo[39m]: Successfully validated sync subscribers response
2025-02-18T19:33:41.156Z [[32minfo[39m]: Successfully validated initialize list response
2025-02-18T19:33:41.500Z [[32minfo[39m]: Successfully validated sync subscribers response
2025-02-18T19:34:19.744Z [[32minfo[39m]: Successfully validated initialize list response
2025-02-18T19:34:20.075Z [[32minfo[39m]: Successfully validated sync subscribers response
2025-02-18T19:34:20.561Z [[32minfo[39m]: Successfully validated initialize list response
2025-02-18T19:34:20.847Z [[32minfo[39m]: Successfully validated sync subscribers response
2025-02-18T19:34:37.639Z [[32minfo[39m]: Received open tracking request
2025-02-18T19:34:37.670Z [[31merror[39m]: Tracking error: Newsletter not found
2025-02-18T19:35:47.874Z [[32minfo[39m]: Successfully validated initialize list response
2025-02-18T19:35:48.201Z [[32minfo[39m]: Successfully validated sync subscribers response
2025-02-18T19:35:48.694Z [[32minfo[39m]: Successfully validated initialize list response
2025-02-18T19:35:48.983Z [[32minfo[39m]: Successfully validated sync subscribers response
2025-02-18T19:36:00.379Z [[32minfo[39m]: Sending newsletter to 2 unique subscribers
2025-02-18T19:37:37.320Z [[32minfo[39m]: Successfully validated initialize list response
2025-02-18T19:37:37.626Z [[32minfo[39m]: Successfully validated sync subscribers response
2025-02-18T19:37:38.416Z [[32minfo[39m]: Successfully validated initialize list response
2025-02-18T19:37:38.755Z [[32minfo[39m]: Successfully validated sync subscribers response
2025-02-18T19:45:17.190Z [[32minfo[39m]: Successfully validated initialize list response
2025-02-18T19:45:17.482Z [[32minfo[39m]: Successfully validated sync subscribers response
2025-02-18T19:45:17.998Z [[32minfo[39m]: Successfully validated initialize list response
2025-02-18T19:45:18.303Z [[32minfo[39m]: Successfully validated sync subscribers response
2025-02-18T19:45:57.255Z [[32minfo[39m]: Successfully validated initialize list response
2025-02-18T19:45:57.575Z [[32minfo[39m]: Successfully validated sync subscribers response
2025-02-18T19:45:58.093Z [[32minfo[39m]: Successfully validated initialize list response
2025-02-18T19:45:58.406Z [[32minfo[39m]: Successfully validated sync subscribers response
2025-02-18T19:46:07.815Z [[32minfo[39m]: Sending newsletter to 2 unique subscribers
2025-02-18T20:13:48.304Z [[32minfo[39m]: Successfully validated initialize list response
2025-02-18T20:13:48.658Z [[32minfo[39m]: Successfully validated sync subscribers response
2025-02-18T20:13:49.186Z [[32minfo[39m]: Successfully validated initialize list response
2025-02-18T20:13:49.475Z [[32minfo[39m]: Successfully validated sync subscribers response
2025-02-19T14:32:45.370Z [[32minfo[39m]: Successfully validated initialize list response
2025-02-19T14:32:45.684Z [[32minfo[39m]: Successfully validated sync subscribers response
2025-02-19T14:32:46.201Z [[32minfo[39m]: Successfully validated initialize list response
2025-02-19T14:32:46.529Z [[32minfo[39m]: Successfully validated sync subscribers response
2025-02-19T15:10:19.840Z [[32minfo[39m]: Successfully validated initialize list response
2025-02-19T15:10:20.150Z [[32minfo[39m]: Successfully validated sync subscribers response
2025-02-19T15:10:20.738Z [[32minfo[39m]: Successfully validated initialize list response
2025-02-19T15:10:21.046Z [[32minfo[39m]: Successfully validated sync subscribers response
2025-02-19T15:10:44.380Z [[32minfo[39m]: 🔍 Testing Mailchimp connection...
2025-02-19T15:10:44.766Z [[32minfo[39m]: Successfully validated test connection response
2025-02-19T15:10:44.767Z [[32minfo[39m]: ✅ Connection successful
2025-02-19T15:10:44.768Z [[32minfo[39m]: 📊 Lists found:
2025-02-19T15:10:44.768Z [[32minfo[39m]: 📝 First list details:
